{"/home/taha/the-odin-project/project024-shoping-cart/src/contexts.jsx": {"path":"/home/taha/the-odin-project/project024-shoping-cart/src/contexts.jsx","statementMap":{"0":{"start":{"line":3,"column":13},"end":{"line":3,"column":null}}},"fnMap":{},"branchMap":{},"s":{"0":3},"f":{},"b":{},"meta":{"lastBranch":0,"lastFunction":0,"lastStatement":1,"seen":{"s:3:13:3:Infinity":0},"fnNames":{}}}
,"/home/taha/the-odin-project/project024-shoping-cart/src/index.module.css": {"path":"/home/taha/the-odin-project/project024-shoping-cart/src/index.module.css","statementMap":{},"fnMap":{},"branchMap":{},"s":{},"f":{},"b":{},"meta":{"lastBranch":0,"lastFunction":0,"lastStatement":0,"seen":{},"fnNames":{}}}
,"/home/taha/the-odin-project/project024-shoping-cart/src/providers.jsx": {"path":"/home/taha/the-odin-project/project024-shoping-cart/src/providers.jsx","statementMap":{"0":{"start":{"line":5,"column":15},"end":{"line":5,"column":null}},"1":{"start":{"line":6,"column":2},"end":{"line":9,"column":null}}},"fnMap":{"0":{"name":"CartContextProvidor","decl":{"start":{"line":4,"column":16},"end":{"line":4,"column":36}},"loc":{"start":{"line":4,"column":50},"end":{"line":11,"column":null}},"line":4}},"branchMap":{},"s":{"0":18,"1":18},"f":{"0":18},"b":{},"meta":{"lastBranch":0,"lastFunction":1,"lastStatement":2,"seen":{"f:4:16:4:36":0,"s:5:15:5:Infinity":0,"s:6:2:9:Infinity":1},"fnNames":{}}}
,"/home/taha/the-odin-project/project024-shoping-cart/src/components/ExpandingText/ExpandingText.jsx": {"path":"/home/taha/the-odin-project/project024-shoping-cart/src/components/ExpandingText/ExpandingText.jsx","statementMap":{"0":{"start":{"line":4,"column":2},"end":{"line":4,"column":null}}},"fnMap":{"0":{"name":"ExpandingText","decl":{"start":{"line":3,"column":24},"end":{"line":3,"column":38}},"loc":{"start":{"line":3,"column":52},"end":{"line":5,"column":null}},"line":3}},"branchMap":{},"s":{"0":4},"f":{"0":4},"b":{},"meta":{"lastBranch":0,"lastFunction":1,"lastStatement":1,"seen":{"f:3:24:3:38":0,"s:4:2:4:Infinity":0},"fnNames":{}}}
,"/home/taha/the-odin-project/project024-shoping-cart/src/components/ExpandingText/ExpandingText.module.css": {"path":"/home/taha/the-odin-project/project024-shoping-cart/src/components/ExpandingText/ExpandingText.module.css","statementMap":{},"fnMap":{},"branchMap":{},"s":{},"f":{},"b":{},"meta":{"lastBranch":0,"lastFunction":0,"lastStatement":0,"seen":{},"fnNames":{}}}
,"/home/taha/the-odin-project/project024-shoping-cart/src/components/LoadingProductCard/LoadingProductCard.jsx": {"path":"/home/taha/the-odin-project/project024-shoping-cart/src/components/LoadingProductCard/LoadingProductCard.jsx","statementMap":{"0":{"start":{"line":4,"column":2},"end":{"line":7,"column":null}}},"fnMap":{"0":{"name":"LoadingProductCard","decl":{"start":{"line":3,"column":24},"end":{"line":3,"column":45}},"loc":{"start":{"line":3,"column":45},"end":{"line":9,"column":null}},"line":3}},"branchMap":{},"s":{"0":110},"f":{"0":110},"b":{},"meta":{"lastBranch":0,"lastFunction":1,"lastStatement":1,"seen":{"f:3:24:3:45":0,"s:4:2:7:Infinity":0},"fnNames":{}}}
,"/home/taha/the-odin-project/project024-shoping-cart/src/components/LoadingProductCard/LoadingProductCard.module.css": {"path":"/home/taha/the-odin-project/project024-shoping-cart/src/components/LoadingProductCard/LoadingProductCard.module.css","statementMap":{},"fnMap":{},"branchMap":{},"s":{},"f":{},"b":{},"meta":{"lastBranch":0,"lastFunction":0,"lastStatement":0,"seen":{},"fnNames":{}}}
,"/home/taha/the-odin-project/project024-shoping-cart/src/components/ProductCard/ProductCard.jsx": {"path":"/home/taha/the-odin-project/project024-shoping-cart/src/components/ProductCard/ProductCard.jsx","statementMap":{"0":{"start":{"line":7,"column":15},"end":{"line":7,"column":null}},"1":{"start":{"line":8,"column":24},"end":{"line":8,"column":null}},"2":{"start":{"line":12,"column":26},"end":{"line":12,"column":null}},"3":{"start":{"line":12,"column":45},"end":{"line":12,"column":63}},"4":{"start":{"line":14,"column":4},"end":{"line":25,"column":null}},"5":{"start":{"line":15,"column":20},"end":{"line":15,"column":null}},"6":{"start":{"line":16,"column":6},"end":{"line":22,"column":null}},"7":{"start":{"line":17,"column":8},"end":{"line":21,"column":null}},"8":{"start":{"line":18,"column":10},"end":{"line":18,"column":null}},"9":{"start":{"line":20,"column":10},"end":{"line":20,"column":null}},"10":{"start":{"line":24,"column":6},"end":{"line":24,"column":null}},"11":{"start":{"line":27,"column":4},"end":{"line":27,"column":null}},"12":{"start":{"line":31,"column":4},"end":{"line":31,"column":null}},"13":{"start":{"line":34,"column":2},"end":{"line":52,"column":null}}},"fnMap":{"0":{"name":"ProductCard","decl":{"start":{"line":6,"column":24},"end":{"line":6,"column":36}},"loc":{"start":{"line":6,"column":49},"end":{"line":54,"column":null}},"line":6},"1":{"name":"handleAddToCart","decl":{"start":{"line":10,"column":11},"end":{"line":10,"column":29}},"loc":{"start":{"line":10,"column":29},"end":{"line":28,"column":null}},"line":10},"2":{"name":"(anonymous_2)","decl":{"start":{"line":12,"column":31},"end":{"line":12,"column":39}},"loc":{"start":{"line":12,"column":45},"end":{"line":12,"column":63}},"line":12},"3":{"name":"(anonymous_3)","decl":{"start":{"line":16,"column":21},"end":{"line":16,"column":26}},"loc":{"start":{"line":16,"column":32},"end":{"line":22,"column":7}},"line":16},"4":{"name":"handleNumberChange","decl":{"start":{"line":30,"column":11},"end":{"line":30,"column":30}},"loc":{"start":{"line":30,"column":33},"end":{"line":32,"column":null}},"line":30}},"branchMap":{"0":{"loc":{"start":{"line":14,"column":4},"end":{"line":25,"column":null}},"type":"if","locations":[{"start":{"line":14,"column":4},"end":{"line":25,"column":null}},{"start":{"line":23,"column":11},"end":{"line":25,"column":null}}],"line":14},"1":{"loc":{"start":{"line":17,"column":8},"end":{"line":21,"column":null}},"type":"if","locations":[{"start":{"line":17,"column":8},"end":{"line":21,"column":null}},{"start":{"line":19,"column":15},"end":{"line":21,"column":null}}],"line":17}},"s":{"0":55,"1":55,"2":6,"3":2,"4":6,"5":1,"6":1,"7":1,"8":1,"9":0,"10":5,"11":6,"12":2,"13":55},"f":{"0":55,"1":6,"2":2,"3":1,"4":2},"b":{"0":[1,5],"1":[1,0]},"meta":{"lastBranch":2,"lastFunction":5,"lastStatement":14,"seen":{"f:6:24:6:36":0,"s:7:15:7:Infinity":0,"s:8:24:8:Infinity":1,"f:10:11:10:29":1,"s:12:26:12:Infinity":2,"f:12:31:12:39":2,"s:12:45:12:63":3,"b:14:4:25:Infinity:23:11:25:Infinity":0,"s:14:4:25:Infinity":4,"s:15:20:15:Infinity":5,"s:16:6:22:Infinity":6,"f:16:21:16:26":3,"b:17:8:21:Infinity:19:15:21:Infinity":1,"s:17:8:21:Infinity":7,"s:18:10:18:Infinity":8,"s:20:10:20:Infinity":9,"s:24:6:24:Infinity":10,"s:27:4:27:Infinity":11,"f:30:11:30:30":4,"s:31:4:31:Infinity":12,"s:34:2:52:Infinity":13},"fnNames":{}}}
,"/home/taha/the-odin-project/project024-shoping-cart/src/components/ProductCard/ProductCard.module.css": {"path":"/home/taha/the-odin-project/project024-shoping-cart/src/components/ProductCard/ProductCard.module.css","statementMap":{},"fnMap":{},"branchMap":{},"s":{},"f":{},"b":{},"meta":{"lastBranch":0,"lastFunction":0,"lastStatement":0,"seen":{},"fnNames":{}}}
,"/home/taha/the-odin-project/project024-shoping-cart/src/components/ResponsiveGrid/ResponsiveGrid.jsx": {"path":"/home/taha/the-odin-project/project024-shoping-cart/src/components/ResponsiveGrid/ResponsiveGrid.jsx","statementMap":{"0":{"start":{"line":4,"column":2},"end":{"line":4,"column":null}}},"fnMap":{"0":{"name":"ResponsiveGrid","decl":{"start":{"line":3,"column":24},"end":{"line":3,"column":39}},"loc":{"start":{"line":3,"column":53},"end":{"line":5,"column":null}},"line":3}},"branchMap":{},"s":{"0":20},"f":{"0":20},"b":{},"meta":{"lastBranch":0,"lastFunction":1,"lastStatement":1,"seen":{"f:3:24:3:39":0,"s:4:2:4:Infinity":0},"fnNames":{}}}
,"/home/taha/the-odin-project/project024-shoping-cart/src/components/ResponsiveGrid/ResponsiveGrid.module.css": {"path":"/home/taha/the-odin-project/project024-shoping-cart/src/components/ResponsiveGrid/ResponsiveGrid.module.css","statementMap":{},"fnMap":{},"branchMap":{},"s":{},"f":{},"b":{},"meta":{"lastBranch":0,"lastFunction":0,"lastStatement":0,"seen":{},"fnNames":{}}}
,"/home/taha/the-odin-project/project024-shoping-cart/src/pages/AppLayout/AppLayout.jsx": {"path":"/home/taha/the-odin-project/project024-shoping-cart/src/pages/AppLayout/AppLayout.jsx","statementMap":{"0":{"start":{"line":9,"column":15},"end":{"line":9,"column":null}},"1":{"start":{"line":10,"column":21},"end":{"line":10,"column":null}},"2":{"start":{"line":10,"column":43},"end":{"line":10,"column":56}},"3":{"start":{"line":12,"column":2},"end":{"line":33,"column":null}}},"fnMap":{"0":{"name":"AppLayout","decl":{"start":{"line":8,"column":24},"end":{"line":8,"column":36}},"loc":{"start":{"line":8,"column":36},"end":{"line":35,"column":null}},"line":8},"1":{"name":"(anonymous_1)","decl":{"start":{"line":10,"column":26},"end":{"line":10,"column":34}},"loc":{"start":{"line":10,"column":43},"end":{"line":10,"column":56}},"line":10}},"branchMap":{},"s":{"0":15,"1":15,"2":7,"3":15},"f":{"0":15,"1":7},"b":{},"meta":{"lastBranch":0,"lastFunction":2,"lastStatement":4,"seen":{"f:8:24:8:36":0,"s:9:15:9:Infinity":0,"s:10:21:10:Infinity":1,"f:10:26:10:34":1,"s:10:43:10:56":2,"s:12:2:33:Infinity":3},"fnNames":{}}}
,"/home/taha/the-odin-project/project024-shoping-cart/src/pages/AppLayout/AppLayout.module.css": {"path":"/home/taha/the-odin-project/project024-shoping-cart/src/pages/AppLayout/AppLayout.module.css","statementMap":{},"fnMap":{},"branchMap":{},"s":{},"f":{},"b":{},"meta":{"lastBranch":0,"lastFunction":0,"lastStatement":0,"seen":{},"fnNames":{}}}
,"/home/taha/the-odin-project/project024-shoping-cart/src/pages/LandingPage/LandingPage.jsx": {"path":"/home/taha/the-odin-project/project024-shoping-cart/src/pages/LandingPage/LandingPage.jsx","statementMap":{"0":{"start":{"line":6,"column":2},"end":{"line":67,"column":null}}},"fnMap":{"0":{"name":"HomePage","decl":{"start":{"line":5,"column":24},"end":{"line":5,"column":35}},"loc":{"start":{"line":5,"column":35},"end":{"line":69,"column":null}},"line":5}},"branchMap":{},"s":{"0":2},"f":{"0":2},"b":{},"meta":{"lastBranch":0,"lastFunction":1,"lastStatement":1,"seen":{"f:5:24:5:35":0,"s:6:2:67:Infinity":0},"fnNames":{}}}
,"/home/taha/the-odin-project/project024-shoping-cart/src/pages/LandingPage/LandingPage.module.css": {"path":"/home/taha/the-odin-project/project024-shoping-cart/src/pages/LandingPage/LandingPage.module.css","statementMap":{},"fnMap":{},"branchMap":{},"s":{},"f":{},"b":{},"meta":{"lastBranch":0,"lastFunction":0,"lastStatement":0,"seen":{},"fnNames":{}}}
,"/home/taha/the-odin-project/project024-shoping-cart/src/pages/ProductsPage/ProductsPage.jsx": {"path":"/home/taha/the-odin-project/project024-shoping-cart/src/pages/ProductsPage/ProductsPage.jsx","statementMap":{"0":{"start":{"line":10,"column":16},"end":{"line":10,"column":null}},"1":{"start":{"line":13,"column":19},"end":{"line":13,"column":null}},"2":{"start":{"line":14,"column":20},"end":{"line":14,"column":null}},"3":{"start":{"line":15,"column":16},"end":{"line":15,"column":null}},"4":{"start":{"line":17,"column":6},"end":{"line":17,"column":null}},"5":{"start":{"line":19,"column":2},"end":{"line":33,"column":null}},"6":{"start":{"line":21,"column":6},"end":{"line":29,"column":null}},"7":{"start":{"line":22,"column":25},"end":{"line":22,"column":null}},"8":{"start":{"line":23,"column":8},"end":{"line":23,"column":null}},"9":{"start":{"line":24,"column":8},"end":{"line":24,"column":null}},"10":{"start":{"line":26,"column":8},"end":{"line":26,"column":null}},"11":{"start":{"line":28,"column":8},"end":{"line":28,"column":null}},"12":{"start":{"line":32,"column":4},"end":{"line":32,"column":null}},"13":{"start":{"line":35,"column":2},"end":{"line":80,"column":null}},"14":{"start":{"line":43,"column":18},"end":{"line":43,"column":null}},"15":{"start":{"line":53,"column":14},"end":{"line":53,"column":null}},"16":{"start":{"line":60,"column":16},"end":{"line":61,"column":null}},"17":{"start":{"line":65,"column":16},"end":{"line":72,"column":null}},"18":{"start":{"line":66,"column":18},"end":{"line":70,"column":null}}},"fnMap":{"0":{"name":"ProductsPage","decl":{"start":{"line":12,"column":24},"end":{"line":12,"column":39}},"loc":{"start":{"line":12,"column":39},"end":{"line":82,"column":null}},"line":12},"1":{"name":"(anonymous_1)","decl":{"start":{"line":19,"column":2},"end":{"line":19,"column":18}},"loc":{"start":{"line":19,"column":18},"end":{"line":33,"column":5}},"line":19},"2":{"name":"getProducts","decl":{"start":{"line":20,"column":19},"end":{"line":20,"column":33}},"loc":{"start":{"line":20,"column":33},"end":{"line":30,"column":null}},"line":20},"3":{"name":"(anonymous_3)","decl":{"start":{"line":41,"column":15},"end":{"line":41,"column":null}},"loc":{"start":{"line":43,"column":18},"end":{"line":43,"column":null}},"line":43},"4":{"name":"(anonymous_4)","decl":{"start":{"line":52,"column":13},"end":{"line":52,"column":18}},"loc":{"start":{"line":53,"column":14},"end":{"line":53,"column":null}},"line":53},"5":{"name":"(anonymous_5)","decl":{"start":{"line":59,"column":23},"end":{"line":59,"column":28}},"loc":{"start":{"line":59,"column":40},"end":{"line":63,"column":15}},"line":59},"6":{"name":"(anonymous_6)","decl":{"start":{"line":64,"column":23},"end":{"line":64,"column":28}},"loc":{"start":{"line":64,"column":40},"end":{"line":73,"column":15}},"line":64}},"branchMap":{"0":{"loc":{"start":{"line":38,"column":9},"end":{"line":46,"column":null}},"type":"cond-expr","locations":[{"start":{"line":39,"column":12},"end":{"line":45,"column":null}},{"start":{"line":46,"column":12},"end":{"line":46,"column":null}}],"line":38},"1":{"loc":{"start":{"line":48,"column":7},"end":{"line":80,"column":null}},"type":"cond-expr","locations":[{"start":{"line":49,"column":8},"end":{"line":56,"column":11}},{"start":{"line":56,"column":10},"end":{"line":80,"column":null}}],"line":48},"2":{"loc":{"start":{"line":56,"column":10},"end":{"line":80,"column":null}},"type":"cond-expr","locations":[{"start":{"line":57,"column":8},"end":{"line":76,"column":9}},{"start":{"line":76,"column":8},"end":{"line":80,"column":null}}],"line":56},"3":{"loc":{"start":{"line":58,"column":11},"end":{"line":73,"column":null}},"type":"cond-expr","locations":[{"start":{"line":59,"column":14},"end":{"line":63,"column":null}},{"start":{"line":64,"column":14},"end":{"line":73,"column":null}}],"line":58},"4":{"loc":{"start":{"line":65,"column":16},"end":{"line":72,"column":null}},"type":"if","locations":[{"start":{"line":65,"column":16},"end":{"line":72,"column":null}},{"start":{},"end":{}}],"line":65}},"s":{"0":2,"1":21,"2":21,"3":21,"4":21,"5":21,"6":11,"7":11,"8":10,"9":10,"10":1,"11":11,"12":11,"13":21,"14":16,"15":110,"16":20,"17":16,"18":8},"f":{"0":21,"1":11,"2":11,"3":16,"4":110,"5":20,"6":16},"b":{"0":[8,13],"1":[11,10],"2":[9,1],"3":[5,4],"4":[8,8]},"meta":{"lastBranch":5,"lastFunction":7,"lastStatement":19,"seen":{"s:10:16:10:Infinity":0,"f:12:24:12:39":0,"s:13:19:13:Infinity":1,"s:14:20:14:Infinity":2,"s:15:16:15:Infinity":3,"s:17:6:17:Infinity":4,"s:19:2:33:Infinity":5,"f:19:2:19:18":1,"f:20:19:20:33":2,"s:21:6:29:Infinity":6,"s:22:25:22:Infinity":7,"s:23:8:23:Infinity":8,"s:24:8:24:Infinity":9,"s:26:8:26:Infinity":10,"s:28:8:28:Infinity":11,"s:32:4:32:Infinity":12,"s:35:2:80:Infinity":13,"b:39:12:45:Infinity:46:12:46:Infinity":0,"f:41:15:41:Infinity":3,"s:43:18:43:Infinity":14,"b:49:8:56:11:56:10:80:Infinity":1,"f:52:13:52:18":4,"s:53:14:53:Infinity":15,"b:57:8:76:9:76:8:80:Infinity":2,"b:59:14:63:Infinity:64:14:73:Infinity":3,"f:59:23:59:28":5,"s:60:16:61:Infinity":16,"f:64:23:64:28":6,"b:65:16:72:Infinity:undefined:undefined:undefined:undefined":4,"s:65:16:72:Infinity":17,"s:66:18:70:Infinity":18},"fnNames":{}}}
,"/home/taha/the-odin-project/project024-shoping-cart/src/pages/ProductsPage/ProductsPage.module.css": {"path":"/home/taha/the-odin-project/project024-shoping-cart/src/pages/ProductsPage/ProductsPage.module.css","statementMap":{},"fnMap":{},"branchMap":{},"s":{},"f":{},"b":{},"meta":{"lastBranch":0,"lastFunction":0,"lastStatement":0,"seen":{},"fnNames":{}}}
,"/home/taha/the-odin-project/project024-shoping-cart/tests/mocks.js": {"path":"/home/taha/the-odin-project/project024-shoping-cart/tests/mocks.js","statementMap":{"0":{"start":{"line":3,"column":17},"end":{"line":56,"column":null}},"1":{"start":{"line":58,"column":24},"end":{"line":62,"column":null}},"2":{"start":{"line":60,"column":4},"end":{"line":60,"column":null}}},"fnMap":{"0":{"name":"(anonymous_0)","decl":{"start":{"line":59,"column":11},"end":{"line":59,"column":null}},"loc":{"start":{"line":60,"column":4},"end":{"line":60,"column":null}},"line":60}},"branchMap":{},"s":{"0":3,"1":3,"2":10},"f":{"0":10},"b":{},"meta":{"lastBranch":0,"lastFunction":1,"lastStatement":3,"seen":{"s:3:17:56:Infinity":0,"s:58:24:62:Infinity":1,"f:59:11:59:Infinity":0,"s:60:4:60:Infinity":2},"fnNames":{}}}
}
