<?xml version="1.0" encoding="UTF-8"?>
<coverage generated="1764274274277" clover="3.2.0">
  <project timestamp="1764274274277" name="All files">
    <metrics statements="12" coveredstatements="12" conditionals="8" coveredconditionals="7" methods="5" coveredmethods="5" elements="25" coveredelements="24" complexity="0" loc="12" ncloc="12" packages="1" files="2" classes="2"/>
    <file name="gameboard.js" path="/home/taha/the-odin-project/project021-battleship/src/logic/gameboard.js">
      <metrics statements="7" coveredstatements="7" conditionals="4" coveredconditionals="3" methods="2" coveredmethods="2"/>
      <line num="3" count="3" type="stmt"/>
      <line num="4" count="3" type="stmt"/>
      <line num="8" count="5" type="cond" truecount="2" falsecount="0"/>
      <line num="9" count="1" type="stmt"/>
      <line num="10" count="4" type="stmt"/>
      <line num="11" count="4" type="cond" truecount="1" falsecount="1"/>
      <line num="12" count="4" type="stmt"/>
    </file>
    <file name="ship.js" path="/home/taha/the-odin-project/project021-battleship/src/logic/ship.js">
      <metrics statements="5" coveredstatements="5" conditionals="4" coveredconditionals="4" methods="3" coveredmethods="3"/>
      <line num="3" count="6" type="stmt"/>
      <line num="7" count="13" type="cond" truecount="2" falsecount="0"/>
      <line num="8" count="12" type="stmt"/>
      <line num="10" count="1" type="stmt"/>
      <line num="15" count="16" type="cond" truecount="2" falsecount="0"/>
    </file>
  </project>
</coverage>
