{"/home/taha/the-odin-project/project021-battleship/src/logic/gameboard.js": {"path":"/home/taha/the-odin-project/project021-battleship/src/logic/gameboard.js","statementMap":{"0":{"start":{"line":3,"column":4},"end":{"line":3,"column":31}},"1":{"start":{"line":4,"column":4},"end":{"line":4,"column":54}},"2":{"start":{"line":8,"column":4},"end":{"line":9,"column":59}},"3":{"start":{"line":9,"column":6},"end":{"line":9,"column":59}},"4":{"start":{"line":10,"column":4},"end":{"line":10,"column":28}},"5":{"start":{"line":11,"column":4},"end":{"line":12,"column":33}},"6":{"start":{"line":12,"column":6},"end":{"line":12,"column":33}}},"fnMap":{"0":{"name":"(anonymous_0)","decl":{"start":{"line":2,"column":2},"end":{"line":2,"column":3}},"loc":{"start":{"line":2,"column":25},"end":{"line":5,"column":3}},"line":2},"1":{"name":"(anonymous_1)","decl":{"start":{"line":7,"column":2},"end":{"line":7,"column":3}},"loc":{"start":{"line":7,"column":14},"end":{"line":13,"column":3}},"line":7}},"branchMap":{"0":{"loc":{"start":{"line":8,"column":4},"end":{"line":9,"column":59}},"type":"if","locations":[{"start":{"line":8,"column":4},"end":{"line":9,"column":59}},{"start":{},"end":{}}],"line":8},"1":{"loc":{"start":{"line":11,"column":4},"end":{"line":12,"column":33}},"type":"if","locations":[{"start":{"line":11,"column":4},"end":{"line":12,"column":33}},{"start":{},"end":{}}],"line":11}},"s":{"0":3,"1":3,"2":5,"3":1,"4":4,"5":4,"6":4},"f":{"0":3,"1":5},"b":{"0":[1,4],"1":[4,0]},"_coverageSchema":"1a1c01bbd47fc00a2c39e90264f33305004495a9","hash":"5ad491fe049f3ea705c20b341384f9e28001c407"}
,"/home/taha/the-odin-project/project021-battleship/src/logic/ship.js": {"path":"/home/taha/the-odin-project/project021-battleship/src/logic/ship.js","statementMap":{"0":{"start":{"line":3,"column":4},"end":{"line":3,"column":23}},"1":{"start":{"line":7,"column":4},"end":{"line":11,"column":5}},"2":{"start":{"line":8,"column":6},"end":{"line":8,"column":23}},"3":{"start":{"line":10,"column":6},"end":{"line":10,"column":65}},"4":{"start":{"line":15,"column":4},"end":{"line":15,"column":42}}},"fnMap":{"0":{"name":"(anonymous_0)","decl":{"start":{"line":2,"column":2},"end":{"line":2,"column":3}},"loc":{"start":{"line":2,"column":20},"end":{"line":4,"column":3}},"line":2},"1":{"name":"(anonymous_1)","decl":{"start":{"line":6,"column":2},"end":{"line":6,"column":3}},"loc":{"start":{"line":6,"column":8},"end":{"line":12,"column":3}},"line":6},"2":{"name":"(anonymous_2)","decl":{"start":{"line":14,"column":2},"end":{"line":14,"column":3}},"loc":{"start":{"line":14,"column":11},"end":{"line":16,"column":3}},"line":14}},"branchMap":{"0":{"loc":{"start":{"line":7,"column":4},"end":{"line":11,"column":5}},"type":"if","locations":[{"start":{"line":7,"column":4},"end":{"line":11,"column":5}},{"start":{"line":9,"column":11},"end":{"line":11,"column":5}}],"line":7},"1":{"loc":{"start":{"line":15,"column":11},"end":{"line":15,"column":41}},"type":"cond-expr","locations":[{"start":{"line":15,"column":29},"end":{"line":15,"column":33}},{"start":{"line":15,"column":36},"end":{"line":15,"column":41}}],"line":15}},"s":{"0":6,"1":13,"2":12,"3":1,"4":16},"f":{"0":6,"1":13,"2":16},"b":{"0":[12,1],"1":[3,13]},"_coverageSchema":"1a1c01bbd47fc00a2c39e90264f33305004495a9","hash":"cee1ddd1bde4a953e164d22f595bb6710c13979d"}
}
