TN:
SF:src/logic/gameboard.js
FN:2,(anonymous_0)
FN:7,(anonymous_1)
FNF:2
FNH:2
FNDA:3,(anonymous_0)
FNDA:5,(anonymous_1)
DA:3,3
DA:4,3
DA:8,5
DA:9,1
DA:10,4
DA:11,4
DA:12,4
LF:7
LH:7
BRDA:8,0,0,1
BRDA:8,0,1,4
BRDA:11,1,0,4
BRDA:11,1,1,0
BRF:4
BRH:3
end_of_record
TN:
SF:src/logic/ship.js
FN:2,(anonymous_0)
FN:6,(anonymous_1)
FN:14,(anonymous_2)
FNF:3
FNH:3
FNDA:6,(anonymous_0)
FNDA:13,(anonymous_1)
FNDA:16,(anonymous_2)
DA:3,6
DA:7,13
DA:8,12
DA:10,1
DA:15,16
LF:5
LH:5
BRDA:7,0,0,12
BRDA:7,0,1,1
BRDA:15,1,0,3
BRDA:15,1,1,13
BRF:4
BRH:4
end_of_record
